Determining if the pthread_create exist failed with the following output:
Change Dir: /home/corinne/eniReservoirGITHUB/eniReservoir/install/build/CMakeFiles/CMakeTmp

Run Build Command:/usr/bin/make "cmTryCompileExec245436770/fast"
/usr/bin/make -f CMakeFiles/cmTryCompileExec245436770.dir/build.make CMakeFiles/cmTryCompileExec245436770.dir/build
make[1]: ingresso nella directory "/home/corinne/eniReservoirGITHUB/eniReservoir/install/build/CMakeFiles/CMakeTmp"
/home/corinne/eniReservoirGITHUB/eniReservoir/install/opt/cmake/bin/cmake -E cmake_progress_report /home/corinne/eniReservoirGITHUB/eniReservoir/install/build/CMakeFiles/CMakeTmp/CMakeFiles 1
Building C object CMakeFiles/cmTryCompileExec245436770.dir/CheckSymbolExists.c.o
/usr/bin/cc    -o CMakeFiles/cmTryCompileExec245436770.dir/CheckSymbolExists.c.o   -c /home/corinne/eniReservoirGITHUB/eniReservoir/install/build/CMakeFiles/CMakeTmp/CheckSymbolExists.c
Linking C executable cmTryCompileExec245436770
/home/corinne/eniReservoirGITHUB/eniReservoir/install/opt/cmake/bin/cmake -E cmake_link_script CMakeFiles/cmTryCompileExec245436770.dir/link.txt --verbose=1
/usr/bin/cc       CMakeFiles/cmTryCompileExec245436770.dir/CheckSymbolExists.c.o  -o cmTryCompileExec245436770 -rdynamic 
CMakeFiles/cmTryCompileExec245436770.dir/CheckSymbolExists.c.o: nella funzione "main":
CheckSymbolExists.c:(.text+0x16): riferimento non definito a "pthread_create"
collect2: error: ld returned 1 exit status
CMakeFiles/cmTryCompileExec245436770.dir/build.make:91: set di istruzioni per l'obiettivo "cmTryCompileExec245436770" non riuscito
make[1]: *** [cmTryCompileExec245436770] Errore 1
make[1]: uscita dalla directory "/home/corinne/eniReservoirGITHUB/eniReservoir/install/build/CMakeFiles/CMakeTmp"
Makefile:117: set di istruzioni per l'obiettivo "cmTryCompileExec245436770/fast" non riuscito
make: *** [cmTryCompileExec245436770/fast] Errore 2

File /home/corinne/eniReservoirGITHUB/eniReservoir/install/build/CMakeFiles/CMakeTmp/CheckSymbolExists.c:
/* */
#include <pthread.h>

int main(int argc, char** argv)
{
  (void)argv;
#ifndef pthread_create
  return ((int*)(&pthread_create))[argc];
#else
  (void)argc;
  return 0;
#endif
}

Determining if the function pthread_create exists in the pthreads failed with the following output:
Change Dir: /home/corinne/eniReservoirGITHUB/eniReservoir/install/build/CMakeFiles/CMakeTmp

Run Build Command:/usr/bin/make "cmTryCompileExec195247168/fast"
/usr/bin/make -f CMakeFiles/cmTryCompileExec195247168.dir/build.make CMakeFiles/cmTryCompileExec195247168.dir/build
make[1]: ingresso nella directory "/home/corinne/eniReservoirGITHUB/eniReservoir/install/build/CMakeFiles/CMakeTmp"
/home/corinne/eniReservoirGITHUB/eniReservoir/install/opt/cmake/bin/cmake -E cmake_progress_report /home/corinne/eniReservoirGITHUB/eniReservoir/install/build/CMakeFiles/CMakeTmp/CMakeFiles 1
Building C object CMakeFiles/cmTryCompileExec195247168.dir/CheckFunctionExists.c.o
/usr/bin/cc   -DCHECK_FUNCTION_EXISTS=pthread_create   -o CMakeFiles/cmTryCompileExec195247168.dir/CheckFunctionExists.c.o   -c /home/corinne/eniReservoirGITHUB/eniReservoir/install/opt/cmake/share/cmake-2.8/Modules/CheckFunctionExists.c
Linking C executable cmTryCompileExec195247168
/home/corinne/eniReservoirGITHUB/eniReservoir/install/opt/cmake/bin/cmake -E cmake_link_script CMakeFiles/cmTryCompileExec195247168.dir/link.txt --verbose=1
/usr/bin/cc   -DCHECK_FUNCTION_EXISTS=pthread_create    CMakeFiles/cmTryCompileExec195247168.dir/CheckFunctionExists.c.o  -o cmTryCompileExec195247168 -rdynamic -lpthreads 
/usr/bin/ld: impossibile trovare -lpthreads
collect2: error: ld returned 1 exit status
CMakeFiles/cmTryCompileExec195247168.dir/build.make:91: set di istruzioni per l'obiettivo "cmTryCompileExec195247168" non riuscito
make[1]: *** [cmTryCompileExec195247168] Errore 1
make[1]: uscita dalla directory "/home/corinne/eniReservoirGITHUB/eniReservoir/install/build/CMakeFiles/CMakeTmp"
Makefile:117: set di istruzioni per l'obiettivo "cmTryCompileExec195247168/fast" non riuscito
make: *** [cmTryCompileExec195247168/fast] Errore 2


